<?xml version="1.0" encoding="UTF-8"?>
<!-- Generated by org.testng.reporters.JUnitReportReporter -->
<testsuite hostname="PNM-050" failures="0" tests="1" name="newmaven.MavenReport" time="1.542" errors="0" timestamp="2022-09-13T17:07:41 IST" skipped="0">
  <testcase classname="newmaven.MavenReport" name="test" time="1.542"/>
  <system-out/>
</testsuite> <!-- newmaven.MavenReport -->
